<?xml version="1.0" encoding="UTF-8"?>
<!-- Generated by org.testng.reporters.JUnitReportReporter -->
<testsuite skipped="0" hostname="DESKTOP-9TE95RA" name="com.nav.testCases.AmaizonTestCase" tests="2" failures="0" timestamp="2021-10-26T13:35:48 EDT" time="88.003" errors="0">
  <testcase name="test2" time="37.872" classname="com.nav.testCases.AmaizonTestCase"/>
  <system-out/>
  <testcase name="test1" time="50.131" classname="com.nav.testCases.AmaizonTestCase"/>
  <system-out/>
</testsuite> <!-- com.nav.testCases.AmaizonTestCase -->
