<?xml version="1.0" encoding="UTF-8"?>
<!-- Generated by org.testng.reporters.JUnitReportReporter -->
<testsuite skipped="0" hostname="DESKTOP-9TE95RA" name="com.nav.testCases.AmaizonTestCase" tests="2" failures="0" timestamp="2021-10-25T15:44:51 EDT" time="55.481" errors="0">
  <testcase name="test2" time="31.706" classname="com.nav.testCases.AmaizonTestCase"/>
  <system-out/>
  <testcase name="test1" time="23.775" classname="com.nav.testCases.AmaizonTestCase"/>
  <system-out/>
</testsuite> <!-- com.nav.testCases.AmaizonTestCase -->
